<?xml version="1.0" encoding="UTF-8"?>
<!-- Generated by org.testng.reporters.JUnitReportReporter -->
<testsuite hostname="HYDPCM644917L" failures="0" tests="4" name="Login_to_checkOut_flow.Login_to_Logout" time="7.999" errors="0" timestamp="2023-08-23T09:33:25 IST" skipped="0">
  <testcase classname="Login_to_checkOut_flow.Login_to_Logout" name="Applogin" time="7.078"/>
  <system-out/>
  <testcase classname="Login_to_checkOut_flow.Login_to_Logout" name="addcart" time="0.258"/>
  <system-out/>
  <testcase classname="Login_to_checkOut_flow.Login_to_Logout" name="addres" time="0.288"/>
  <system-out/>
  <testcase classname="Login_to_checkOut_flow.Login_to_Logout" name="Applogout" time="0.375"/>
  <system-out/>
</testsuite> <!-- Login_to_checkOut_flow.Login_to_Logout -->
