<?xml version="1.0" encoding="UTF-8"?>
<!-- Generated by org.testng.reporters.JUnitReportReporter -->
<testsuite hostname="HYDPCM644917L" failures="0" tests="1" name="Login_to_checkOut_flow.Loginpage_brokenlinks" time="0.036" errors="0" timestamp="2023-08-23T10:06:28 IST" skipped="0">
  <testcase classname="Login_to_checkOut_flow.Loginpage_brokenlinks" name="loginpage_brockenlinks" time="0.036"/>
  <system-out/>
</testsuite> <!-- Login_to_checkOut_flow.Loginpage_brokenlinks -->
